-------------------------------------------------------------------------------
Test set: isp.lab2.Exercise6Test
-------------------------------------------------------------------------------
Tests run: 2, Failures: 0, Errors: 1, Skipped: 0, Time elapsed: 0.036 sec <<< FAILURE! - in isp.lab2.Exercise6Test
TestRecursive(isp.lab2.Exercise6Test)  Time elapsed: 0.005 sec  <<< ERROR!
java.lang.RuntimeException: Uncompilable code - cannot find symbol
  symbol:   method generateRandomVectorRecursively(int)
  location: class isp.lab2.Exercise6
	at isp.lab2.Exercise6Test.TestRecursive(Exercise6Test.java:1)

